
WARNING ⚠️ 
Inference results will accumulate in RAM unless `stream=True` is passed, which can cause out-of-memory errors for large
sources or long-running streams and videos. See https://docs.ultralytics.com/modes/predict/ for help.

Example:
    results = model(source=..., stream=True)  # generator of Results objects
    for r in results:
        boxes = r.boxes  # Boxes object for bbox outputs
        masks = r.masks  # Masks object for segment masks outputs
        probs = r.probs  # Class probabilities for classification outputs

video 1/1 (frame 1/1630) /scratch/network/db0197/LabelingProcess/Squash Data/elias_makin_london2025/rallies/rally6_v2.mp4: 384x640 4 persons, 64.0ms
video 1/1 (frame 2/1630) /scratch/network/db0197/LabelingProcess/Squash Data/elias_makin_london2025/rallies/rally6_v2.mp4: 384x640 4 persons, 13.4ms
video 1/1 (frame 3/1630) /scratch/network/db0197/LabelingProcess/Squash Data/elias_makin_london2025/rallies/rally6_v2.mp4: 384x640 4 persons, 12.4ms
video 1/1 (frame 4/1630) /scratch/network/db0197/LabelingProcess/Squash Data/elias_makin_london2025/rallies/rally6_v2.mp4: 384x640 4 persons, 12.6ms
video 1/1 (frame 5/1630) /scratch/network/db0197/LabelingProcess/Squash Data/elias_makin_london2025/rallies/rally6_v2.mp4: 384x640 4 persons, 12.5ms
video 1/1 (frame 6/1630) /scratch/network/db0197/LabelingProcess/Squash Data/elias_makin_london2025/rallies/rally6_v2.mp4: 384x640 4 persons, 12.4ms
video 1/1 (frame 7/1630) /scratch/network/db0197/LabelingProcess/Squash Data/elias_makin_london2025/rallies/rally6_v2.mp4: 384x640 4 persons, 12.4ms
video 1/1 (frame 8/1630) /scratch/network/db0197/LabelingProcess/Squash Data/elias_makin_london2025/rallies/rally6_v2.mp4: 384x640 4 persons, 12.5ms
video 1/1 (frame 9/1630) /scratch/network/db0197/LabelingProcess/Squash Data/elias_makin_london2025/rallies/rally6_v2.mp4: 384x640 4 persons, 12.4ms
video 1/1 (frame 10/1630) /scratch/network/db0197/LabelingProcess/Squash Data/elias_makin_london2025/rallies/rally6_v2.mp4: 384x640 4 persons, 12.4ms
video 1/1 (frame 11/1630) /scratch/network/db0197/LabelingProcess/Squash Data/elias_makin_london2025/rallies/rally6_v2.mp4: 384x640 4 persons, 12.4ms
video 1/1 (frame 12/1630) /scratch/network/db0197/LabelingProcess/Squash Data/elias_makin_london2025/rallies/rally6_v2.mp4: 384x640 4 persons, 12.4ms
video 1/1 (frame 13/1630) /scratch/network/db0197/LabelingProcess/Squash Data/elias_makin_london2025/rallies/rally6_v2.mp4: 384x640 4 persons, 12.3ms
video 1/1 (frame 14/1630) /scratch/network/db0197/LabelingProcess/Squash Data/elias_makin_london2025/rallies/rally6_v2.mp4: 384x640 4 persons, 12.4ms
video 1/1 (frame 15/1630) /scratch/network/db0197/LabelingProcess/Squash Data/elias_makin_london2025/rallies/rally6_v2.mp4: 384x640 4 persons, 12.3ms
video 1/1 (frame 16/1630) /scratch/network/db0197/LabelingProcess/Squash Data/elias_makin_london2025/rallies/rally6_v2.mp4: 384x640 3 persons, 12.3ms
video 1/1 (frame 17/1630) /scratch/network/db0197/LabelingProcess/Squash Data/elias_makin_london2025/rallies/rally6_v2.mp4: 384x640 4 persons, 12.4ms
video 1/1 (frame 18/1630) /scratch/network/db0197/LabelingProcess/Squash Data/elias_makin_london2025/rallies/rally6_v2.mp4: 384x640 3 persons, 12.4ms
video 1/1 (frame 19/1630) /scratch/network/db0197/LabelingProcess/Squash Data/elias_makin_london2025/rallies/rally6_v2.mp4: 384x640 3 persons, 12.3ms
video 1/1 (frame 20/1630) /scratch/network/db0197/LabelingProcess/Squash Data/elias_makin_london2025/rallies/rally6_v2.mp4: 384x640 4 persons, 12.3ms
video 1/1 (frame 21/1630) /scratch/network/db0197/LabelingProcess/Squash Data/elias_makin_london2025/rallies/rally6_v2.mp4: 384x640 4 persons, 12.4ms
video 1/1 (frame 22/1630) /scratch/network/db0197/LabelingProcess/Squash Data/elias_makin_london2025/rallies/rally6_v2.mp4: 384x640 4 persons, 12.4ms
video 1/1 (frame 23/1630) /scratch/network/db0197/LabelingProcess/Squash Data/elias_makin_london2025/rallies/rally6_v2.mp4: 384x640 3 persons, 12.4ms
video 1/1 (frame 24/1630) /scratch/network/db0197/LabelingProcess/Squash Data/elias_makin_london2025/rallies/rally6_v2.mp4: 384x640 4 persons, 12.4ms
video 1/1 (frame 25/1630) /scratch/network/db0197/LabelingProcess/Squash Data/elias_makin_london2025/rallies/rally6_v2.mp4: 384x640 4 persons, 12.3ms
video 1/1 (frame 26/1630) /scratch/network/db0197/LabelingProcess/Squash Data/elias_makin_london2025/rallies/rally6_v2.mp4: 384x640 4 persons, 12.4ms
video 1/1 (frame 27/1630) /scratch/network/db0197/LabelingProcess/Squash Data/elias_makin_london2025/rallies/rally6_v2.mp4: 384x640 3 persons, 12.4ms
video 1/1 (frame 28/1630) /scratch/network/db0197/LabelingProcess/Squash Data/elias_makin_london2025/rallies/rally6_v2.mp4: 384x640 4 persons, 12.4ms
video 1/1 (frame 29/1630) /scratch/network/db0197/LabelingProcess/Squash Data/elias_makin_london2025/rallies/rally6_v2.mp4: 384x640 4 persons, 12.4ms
video 1/1 (frame 30/1630) /scratch/network/db0197/LabelingProcess/Squash Data/elias_makin_london2025/rallies/rally6_v2.mp4: 384x640 4 persons, 12.4ms
video 1/1 (frame 31/1630) /scratch/network/db0197/LabelingProcess/Squash Data/elias_makin_london2025/rallies/rally6_v2.mp4: 384x640 4 persons, 12.4ms
video 1/1 (frame 32/1630) /scratch/network/db0197/LabelingProcess/Squash Data/elias_makin_london2025/rallies/rally6_v2.mp4: 384x640 4 persons, 12.4ms
video 1/1 (frame 33/1630) /scratch/network/db0197/LabelingProcess/Squash Data/elias_makin_london2025/rallies/rally6_v2.mp4: 384x640 3 persons, 12.4ms
video 1/1 (frame 34/1630) /scratch/network/db0197/LabelingProcess/Squash Data/elias_makin_london2025/rallies/rally6_v2.mp4: 384x640 4 persons, 12.4ms
video 1/1 (frame 35/1630) /scratch/network/db0197/LabelingProcess/Squash Data/elias_makin_london2025/rallies/rally6_v2.mp4: 384x640 4 persons, 12.4ms
video 1/1 (frame 36/1630) /scratch/network/db0197/LabelingProcess/Squash Data/elias_makin_london2025/rallies/rally6_v2.mp4: 384x640 4 persons, 12.4ms
video 1/1 (frame 37/1630) /scratch/network/db0197/LabelingProcess/Squash Data/elias_makin_london2025/rallies/rally6_v2.mp4: 384x640 4 persons, 12.4ms
video 1/1 (frame 38/1630) /scratch/network/db0197/LabelingProcess/Squash Data/elias_makin_london2025/rallies/rally6_v2.mp4: 384x640 4 persons, 12.4ms
video 1/1 (frame 39/1630) /scratch/network/db0197/LabelingProcess/Squash Data/elias_makin_london2025/rallies/rally6_v2.mp4: 384x640 3 persons, 12.4ms
video 1/1 (frame 40/1630) /scratch/network/db0197/LabelingProcess/Squash Data/elias_makin_london2025/rallies/rally6_v2.mp4: 384x640 3 persons, 12.4ms
video 1/1 (frame 41/1630) /scratch/network/db0197/LabelingProcess/Squash Data/elias_makin_london2025/rallies/rally6_v2.mp4: 384x640 4 persons, 12.3ms
video 1/1 (frame 42/1630) /scratch/network/db0197/LabelingProcess/Squash Data/elias_makin_london2025/rallies/rally6_v2.mp4: 384x640 4 persons, 12.4ms
video 1/1 (frame 43/1630) /scratch/network/db0197/LabelingProcess/Squash Data/elias_makin_london2025/rallies/rally6_v2.mp4: 384x640 4 persons, 12.3ms
video 1/1 (frame 44/1630) /scratch/network/db0197/LabelingProcess/Squash Data/elias_makin_london2025/rallies/rally6_v2.mp4: 384x640 4 persons, 12.4ms
video 1/1 (frame 45/1630) /scratch/network/db0197/LabelingProcess/Squash Data/elias_makin_london2025/rallies/rally6_v2.mp4: 384x640 3 persons, 12.4ms
video 1/1 (frame 46/1630) /scratch/network/db0197/LabelingProcess/Squash Data/elias_makin_london2025/rallies/rally6_v2.mp4: 384x640 4 persons, 12.3ms
video 1/1 (frame 47/1630) /scratch/network/db0197/LabelingProcess/Squash Data/elias_makin_london2025/rallies/rally6_v2.mp4: 384x640 4 persons, 12.4ms
video 1/1 (frame 48/1630) /scratch/network/db0197/LabelingProcess/Squash Data/elias_makin_london2025/rallies/rally6_v2.mp4: 384x640 4 persons, 12.3ms
video 1/1 (frame 49/1630) /scratch/network/db0197/LabelingProcess/Squash Data/elias_makin_london2025/rallies/rally6_v2.mp4: 384x640 3 persons, 12.4ms
video 1/1 (frame 50/1630) /scratch/network/db0197/LabelingProcess/Squash Data/elias_makin_london2025/rallies/rally6_v2.mp4: 384x640 4 persons, 12.4ms
video 1/1 (frame 51/1630) /scratch/network/db0197/LabelingProcess/Squash Data/elias_makin_london2025/rallies/rally6_v2.mp4: 384x640 3 persons, 12.4ms
video 1/1 (frame 52/1630) /scratch/network/db0197/LabelingProcess/Squash Data/elias_makin_london2025/rallies/rally6_v2.mp4: 384x640 4 persons, 12.4ms
video 1/1 (frame 53/1630) /scratch/network/db0197/LabelingProcess/Squash Data/elias_makin_london2025/rallies/rally6_v2.mp4: 384x640 4 persons, 12.4ms
video 1/1 (frame 54/1630) /scratch/network/db0197/LabelingProcess/Squash Data/elias_makin_london2025/rallies/rally6_v2.mp4: 384x640 4 persons, 12.4ms
video 1/1 (frame 55/1630) /scratch/network/db0197/LabelingProcess/Squash Data/elias_makin_london2025/rallies/rally6_v2.mp4: 384x640 3 persons, 12.4ms
video 1/1 (frame 56/1630) /scratch/network/db0197/LabelingProcess/Squash Data/elias_makin_london2025/rallies/rally6_v2.mp4: 384x640 4 persons, 12.3ms
video 1/1 (frame 57/1630) /scratch/network/db0197/LabelingProcess/Squash Data/elias_makin_london2025/rallies/rally6_v2.mp4: 384x640 4 persons, 12.4ms
video 1/1 (frame 58/1630) /scratch/network/db0197/LabelingProcess/Squash Data/elias_makin_london2025/rallies/rally6_v2.mp4: 384x640 4 persons, 12.4ms
video 1/1 (frame 59/1630) /scratch/network/db0197/LabelingProcess/Squash Data/elias_makin_london2025/rallies/rally6_v2.mp4: 384x640 4 persons, 12.4ms
video 1/1 (frame 60/1630) /scratch/network/db0197/LabelingProcess/Squash Data/elias_makin_london2025/rallies/rally6_v2.mp4: 384x640 4 persons, 12.4ms
video 1/1 (frame 61/1630) /scratch/network/db0197/LabelingProcess/Squash Data/elias_makin_london2025/rallies/rally6_v2.mp4: 384x640 4 persons, 12.4ms
video 1/1 (frame 62/1630) /scratch/network/db0197/LabelingProcess/Squash Data/elias_makin_london2025/rallies/rally6_v2.mp4: 384x640 4 persons, 12.5ms
video 1/1 (frame 63/1630) /scratch/network/db0197/LabelingProcess/Squash Data/elias_makin_london2025/rallies/rally6_v2.mp4: 384x640 4 persons, 12.5ms
video 1/1 (frame 64/1630) /scratch/network/db0197/LabelingProcess/Squash Data/elias_makin_london2025/rallies/rally6_v2.mp4: 384x640 4 persons, 12.5ms
video 1/1 (frame 65/1630) /scratch/network/db0197/LabelingProcess/Squash Data/elias_makin_london2025/rallies/rally6_v2.mp4: 384x640 4 persons, 12.4ms
video 1/1 (frame 66/1630) /scratch/network/db0197/LabelingProcess/Squash Data/elias_makin_london2025/rallies/rally6_v2.mp4: 384x640 4 persons, 12.5ms
video 1/1 (frame 67/1630) /scratch/network/db0197/LabelingProcess/Squash Data/elias_makin_london2025/rallies/rally6_v2.mp4: 384x640 4 persons, 12.4ms
video 1/1 (frame 68/1630) /scratch/network/db0197/LabelingProcess/Squash Data/elias_makin_london2025/rallies/rally6_v2.mp4: 384x640 4 persons, 12.5ms
video 1/1 (frame 69/1630) /scratch/network/db0197/LabelingProcess/Squash Data/elias_makin_london2025/rallies/rally6_v2.mp4: 384x640 4 persons, 12.4ms
video 1/1 (frame 70/1630) /scratch/network/db0197/LabelingProcess/Squash Data/elias_makin_london2025/rallies/rally6_v2.mp4: 384x640 4 persons, 12.4ms
video 1/1 (frame 71/1630) /scratch/network/db0197/LabelingProcess/Squash Data/elias_makin_london2025/rallies/rally6_v2.mp4: 384x640 5 persons, 12.4ms
video 1/1 (frame 72/1630) /scratch/network/db0197/LabelingProcess/Squash Data/elias_makin_london2025/rallies/rally6_v2.mp4: 384x640 4 persons, 12.4ms
video 1/1 (frame 73/1630) /scratch/network/db0197/LabelingProcess/Squash Data/elias_makin_london2025/rallies/rally6_v2.mp4: 384x640 4 persons, 12.4ms
video 1/1 (frame 74/1630) /scratch/network/db0197/LabelingProcess/Squash Data/elias_makin_london2025/rallies/rally6_v2.mp4: 384x640 4 persons, 12.4ms
video 1/1 (frame 75/1630) /scratch/network/db0197/LabelingProcess/Squash Data/elias_makin_london2025/rallies/rally6_v2.mp4: 384x640 4 persons, 12.4ms
video 1/1 (frame 76/1630) /scratch/network/db0197/LabelingProcess/Squash Data/elias_makin_london2025/rallies/rally6_v2.mp4: 384x640 4 persons, 12.4ms
video 1/1 (frame 77/1630) /scratch/network/db0197/LabelingProcess/Squash Data/elias_makin_london2025/rallies/rally6_v2.mp4: 384x640 4 persons, 12.4ms
video 1/1 (frame 78/1630) /scratch/network/db0197/LabelingProcess/Squash Data/elias_makin_london2025/rallies/rally6_v2.mp4: 384x640 4 persons, 12.4ms
video 1/1 (frame 79/1630) /scratch/network/db0197/LabelingProcess/Squash Data/elias_makin_london2025/rallies/rally6_v2.mp4: 384x640 4 persons, 12.4ms
video 1/1 (frame 80/1630) /scratch/network/db0197/LabelingProcess/Squash Data/elias_makin_london2025/rallies/rally6_v2.mp4: 384x640 4 persons, 12.4ms
video 1/1 (frame 81/1630) /scratch/network/db0197/LabelingProcess/Squash Data/elias_makin_london2025/rallies/rally6_v2.mp4: 384x640 4 persons, 13.4ms
video 1/1 (frame 82/1630) /scratch/network/db0197/LabelingProcess/Squash Data/elias_makin_london2025/rallies/rally6_v2.mp4: 384x640 5 persons, 12.4ms
video 1/1 (frame 83/1630) /scratch/network/db0197/LabelingProcess/Squash Data/elias_makin_london2025/rallies/rally6_v2.mp4: 384x640 4 persons, 12.4ms
video 1/1 (frame 84/1630) /scratch/network/db0197/LabelingProcess/Squash Data/elias_makin_london2025/rallies/rally6_v2.mp4: 384x640 4 persons, 14.7ms
video 1/1 (frame 85/1630) /scratch/network/db0197/LabelingProcess/Squash Data/elias_makin_london2025/rallies/rally6_v2.mp4: 384x640 3 persons, 12.4ms
video 1/1 (frame 86/1630) /scratch/network/db0197/LabelingProcess/Squash Data/elias_makin_london2025/rallies/rally6_v2.mp4: 384x640 3 persons, 12.4ms
video 1/1 (frame 87/1630) /scratch/network/db0197/LabelingProcess/Squash Data/elias_makin_london2025/rallies/rally6_v2.mp4: 384x640 4 persons, 12.4ms
video 1/1 (frame 88/1630) /scratch/network/db0197/LabelingProcess/Squash Data/elias_makin_london2025/rallies/rally6_v2.mp4: 384x640 5 persons, 12.4ms
video 1/1 (frame 89/1630) /scratch/network/db0197/LabelingProcess/Squash Data/elias_makin_london2025/rallies/rally6_v2.mp4: 384x640 5 persons, 12.4ms
video 1/1 (frame 90/1630) /scratch/network/db0197/LabelingProcess/Squash Data/elias_makin_london2025/rallies/rally6_v2.mp4: 384x640 4 persons, 12.5ms
video 1/1 (frame 91/1630) /scratch/network/db0197/LabelingProcess/Squash Data/elias_makin_london2025/rallies/rally6_v2.mp4: 384x640 5 persons, 12.5ms
video 1/1 (frame 92/1630) /scratch/network/db0197/LabelingProcess/Squash Data/elias_makin_london2025/rallies/rally6_v2.mp4: 384x640 5 persons, 12.4ms
video 1/1 (frame 93/1630) /scratch/network/db0197/LabelingProcess/Squash Data/elias_makin_london2025/rallies/rally6_v2.mp4: 384x640 4 persons, 12.5ms
video 1/1 (frame 94/1630) /scratch/network/db0197/LabelingProcess/Squash Data/elias_makin_london2025/rallies/rally6_v2.mp4: 384x640 4 persons, 12.4ms
video 1/1 (frame 95/1630) /scratch/network/db0197/LabelingProcess/Squash Data/elias_makin_london2025/rallies/rally6_v2.mp4: 384x640 4 persons, 12.5ms
video 1/1 (frame 96/1630) /scratch/network/db0197/LabelingProcess/Squash Data/elias_makin_london2025/rallies/rally6_v2.mp4: 384x640 4 persons, 12.4ms
video 1/1 (frame 97/1630) /scratch/network/db0197/LabelingProcess/Squash Data/elias_makin_london2025/rallies/rally6_v2.mp4: 384x640 4 persons, 12.4ms
video 1/1 (frame 98/1630) /scratch/network/db0197/LabelingProcess/Squash Data/elias_makin_london2025/rallies/rally6_v2.mp4: 384x640 4 persons, 12.4ms
video 1/1 (frame 99/1630) /scratch/network/db0197/LabelingProcess/Squash Data/elias_makin_london2025/rallies/rally6_v2.mp4: 384x640 3 persons, 12.5ms
video 1/1 (frame 100/1630) /scratch/network/db0197/LabelingProcess/Squash Data/elias_makin_london2025/rallies/rally6_v2.mp4: 384x640 4 persons, 12.4ms
video 1/1 (frame 101/1630) /scratch/network/db0197/LabelingProcess/Squash Data/elias_makin_london2025/rallies/rally6_v2.mp4: 384x640 4 persons, 12.4ms
video 1/1 (frame 102/1630) /scratch/network/db0197/LabelingProcess/Squash Data/elias_makin_london2025/rallies/rally6_v2.mp4: 384x640 4 persons, 12.4ms
video 1/1 (frame 103/1630) /scratch/network/db0197/LabelingProcess/Squash Data/elias_makin_london2025/rallies/rally6_v2.mp4: 384x640 4 persons, 12.4ms
video 1/1 (frame 104/1630) /scratch/network/db0197/LabelingProcess/Squash Data/elias_makin_london2025/rallies/rally6_v2.mp4: 384x640 4 persons, 12.4ms
video 1/1 (frame 105/1630) /scratch/network/db0197/LabelingProcess/Squash Data/elias_makin_london2025/rallies/rally6_v2.mp4: 384x640 3 persons, 12.4ms
video 1/1 (frame 106/1630) /scratch/network/db0197/LabelingProcess/Squash Data/elias_makin_london2025/rallies/rally6_v2.mp4: 384x640 3 persons, 12.4ms
video 1/1 (frame 107/1630) /scratch/network/db0197/LabelingProcess/Squash Data/elias_makin_london2025/rallies/rally6_v2.mp4: 384x640 3 persons, 12.4ms
video 1/1 (frame 108/1630) /scratch/network/db0197/LabelingProcess/Squash Data/elias_makin_london2025/rallies/rally6_v2.mp4: 384x640 3 persons, 12.3ms
video 1/1 (frame 109/1630) /scratch/network/db0197/LabelingProcess/Squash Data/elias_makin_london2025/rallies/rally6_v2.mp4: 384x640 3 persons, 12.4ms
video 1/1 (frame 110/1630) /scratch/network/db0197/LabelingProcess/Squash Data/elias_makin_london2025/rallies/rally6_v2.mp4: 384x640 3 persons, 12.4ms
video 1/1 (frame 111/1630) /scratch/network/db0197/LabelingProcess/Squash Data/elias_makin_london2025/rallies/rally6_v2.mp4: 384x640 3 persons, 12.4ms
video 1/1 (frame 112/1630) /scratch/network/db0197/LabelingProcess/Squash Data/elias_makin_london2025/rallies/rally6_v2.mp4: 384x640 3 persons, 12.4ms
video 1/1 (frame 113/1630) /scratch/network/db0197/LabelingProcess/Squash Data/elias_makin_london2025/rallies/rally6_v2.mp4: 384x640 3 persons, 12.4ms
video 1/1 (frame 114/1630) /scratch/network/db0197/LabelingProcess/Squash Data/elias_makin_london2025/rallies/rally6_v2.mp4: 384x640 3 persons, 12.4ms
video 1/1 (frame 115/1630) /scratch/network/db0197/LabelingProcess/Squash Data/elias_makin_london2025/rallies/rally6_v2.mp4: 384x640 3 persons, 12.4ms
video 1/1 (frame 116/1630) /scratch/network/db0197/LabelingProcess/Squash Data/elias_makin_london2025/rallies/rally6_v2.mp4: 384x640 3 persons, 12.4ms
video 1/1 (frame 117/1630) /scratch/network/db0197/LabelingProcess/Squash Data/elias_makin_london2025/rallies/rally6_v2.mp4: 384x640 3 persons, 12.4ms
video 1/1 (frame 118/1630) /scratch/network/db0197/LabelingProcess/Squash Data/elias_makin_london2025/rallies/rally6_v2.mp4: 384x640 3 persons, 12.4ms
video 1/1 (frame 119/1630) /scratch/network/db0197/LabelingProcess/Squash Data/elias_makin_london2025/rallies/rally6_v2.mp4: 384x640 3 persons, 12.4ms
video 1/1 (frame 120/1630) /scratch/network/db0197/LabelingProcess/Squash Data/elias_makin_london2025/rallies/rally6_v2.mp4: 384x640 3 persons, 12.4ms
video 1/1 (frame 121/1630) /scratch/network/db0197/LabelingProcess/Squash Data/elias_makin_london2025/rallies/rally6_v2.mp4: 384x640 3 persons, 12.4ms
video 1/1 (frame 122/1630) /scratch/network/db0197/LabelingProcess/Squash Data/elias_makin_london2025/rallies/rally6_v2.mp4: 384x640 3 persons, 12.5ms
video 1/1 (frame 123/1630) /scratch/network/db0197/LabelingProcess/Squash Data/elias_makin_london2025/rallies/rally6_v2.mp4: 384x640 3 persons, 12.4ms
video 1/1 (frame 124/1630) /scratch/network/db0197/LabelingProcess/Squash Data/elias_makin_london2025/rallies/rally6_v2.mp4: 384x640 4 persons, 12.4ms
video 1/1 (frame 125/1630) /scratch/network/db0197/LabelingProcess/Squash Data/elias_makin_london2025/rallies/rally6_v2.mp4: 384x640 4 persons, 12.4ms
video 1/1 (frame 126/1630) /scratch/network/db0197/LabelingProcess/Squash Data/elias_makin_london2025/rallies/rally6_v2.mp4: 384x640 4 persons, 12.4ms
video 1/1 (frame 127/1630) /scratch/network/db0197/LabelingProcess/Squash Data/elias_makin_london2025/rallies/rally6_v2.mp4: 384x640 3 persons, 12.5ms
video 1/1 (frame 128/1630) /scratch/network/db0197/LabelingProcess/Squash Data/elias_makin_london2025/rallies/rally6_v2.mp4: 384x640 3 persons, 12.4ms
video 1/1 (frame 129/1630) /scratch/network/db0197/LabelingProcess/Squash Data/elias_makin_london2025/rallies/rally6_v2.mp4: 384x640 4 persons, 12.4ms
video 1/1 (frame 130/1630) /scratch/network/db0197/LabelingProcess/Squash Data/elias_makin_london2025/rallies/rally6_v2.mp4: 384x640 4 persons, 12.4ms
video 1/1 (frame 131/1630) /scratch/network/db0197/LabelingProcess/Squash Data/elias_makin_london2025/rallies/rally6_v2.mp4: 384x640 4 persons, 12.5ms
video 1/1 (frame 132/1630) /scratch/network/db0197/LabelingProcess/Squash Data/elias_makin_london2025/rallies/rally6_v2.mp4: 384x640 5 persons, 12.4ms
video 1/1 (frame 133/1630) /scratch/network/db0197/LabelingProcess/Squash Data/elias_makin_london2025/rallies/rally6_v2.mp4: 384x640 5 persons, 12.4ms
video 1/1 (frame 134/1630) /scratch/network/db0197/LabelingProcess/Squash Data/elias_makin_london2025/rallies/rally6_v2.mp4: 384x640 4 persons, 12.5ms
video 1/1 (frame 135/1630) /scratch/network/db0197/LabelingProcess/Squash Data/elias_makin_london2025/rallies/rally6_v2.mp4: 384x640 3 persons, 12.4ms
video 1/1 (frame 136/1630) /scratch/network/db0197/LabelingProcess/Squash Data/elias_makin_london2025/rallies/rally6_v2.mp4: 384x640 3 persons, 12.4ms
video 1/1 (frame 137/1630) /scratch/network/db0197/LabelingProcess/Squash Data/elias_makin_london2025/rallies/rally6_v2.mp4: 384x640 3 persons, 12.4ms
video 1/1 (frame 138/1630) /scratch/network/db0197/LabelingProcess/Squash Data/elias_makin_london2025/rallies/rally6_v2.mp4: 384x640 3 persons, 12.5ms
video 1/1 (frame 139/1630) /scratch/network/db0197/LabelingProcess/Squash Data/elias_makin_london2025/rallies/rally6_v2.mp4: 384x640 3 persons, 12.4ms
video 1/1 (frame 140/1630) /scratch/network/db0197/LabelingProcess/Squash Data/elias_makin_london2025/rallies/rally6_v2.mp4: 384x640 3 persons, 12.4ms
video 1/1 (frame 141/1630) /scratch/network/db0197/LabelingProcess/Squash Data/elias_makin_london2025/rallies/rally6_v2.mp4: 384x640 4 persons, 12.4ms
video 1/1 (frame 142/1630) /scratch/network/db0197/LabelingProcess/Squash Data/elias_makin_london2025/rallies/rally6_v2.mp4: 384x640 4 persons, 12.4ms
video 1/1 (frame 143/1630) /scratch/network/db0197/LabelingProcess/Squash Data/elias_makin_london2025/rallies/rally6_v2.mp4: 384x640 4 persons, 12.4ms
video 1/1 (frame 144/1630) /scratch/network/db0197/LabelingProcess/Squash Data/elias_makin_london2025/rallies/rally6_v2.mp4: 384x640 4 persons, 12.9ms
video 1/1 (frame 145/1630) /scratch/network/db0197/LabelingProcess/Squash Data/elias_makin_london2025/rallies/rally6_v2.mp4: 384x640 4 persons, 12.4ms
video 1/1 (frame 146/1630) /scratch/network/db0197/LabelingProcess/Squash Data/elias_makin_london2025/rallies/rally6_v2.mp4: 384x640 4 persons, 12.4ms
video 1/1 (frame 147/1630) /scratch/network/db0197/LabelingProcess/Squash Data/elias_makin_london2025/rallies/rally6_v2.mp4: 384x640 5 persons, 12.4ms
video 1/1 (frame 148/1630) /scratch/network/db0197/LabelingProcess/Squash Data/elias_makin_london2025/rallies/rally6_v2.mp4: 384x640 4 persons, 12.4ms
video 1/1 (frame 149/1630) /scratch/network/db0197/LabelingProcess/Squash Data/elias_makin_london2025/rallies/rally6_v2.mp4: 384x640 3 persons, 12.4ms
video 1/1 (frame 150/1630) /scratch/network/db0197/LabelingProcess/Squash Data/elias_makin_london2025/rallies/rally6_v2.mp4: 384x640 3 persons, 12.5ms
video 1/1 (frame 151/1630) /scratch/network/db0197/LabelingProcess/Squash Data/elias_makin_london2025/rallies/rally6_v2.mp4: 384x640 4 persons, 12.4ms
video 1/1 (frame 152/1630) /scratch/network/db0197/LabelingProcess/Squash Data/elias_makin_london2025/rallies/rally6_v2.mp4: 384x640 4 persons, 12.4ms
video 1/1 (frame 153/1630) /scratch/network/db0197/LabelingProcess/Squash Data/elias_makin_london2025/rallies/rally6_v2.mp4: 384x640 3 persons, 12.5ms
video 1/1 (frame 154/1630) /scratch/network/db0197/LabelingProcess/Squash Data/elias_makin_london2025/rallies/rally6_v2.mp4: 384x640 4 persons, 12.5ms
video 1/1 (frame 155/1630) /scratch/network/db0197/LabelingProcess/Squash Data/elias_makin_london2025/rallies/rally6_v2.mp4: 384x640 3 persons, 12.5ms
video 1/1 (frame 156/1630) /scratch/network/db0197/LabelingProcess/Squash Data/elias_makin_london2025/rallies/rally6_v2.mp4: 384x640 3 persons, 12.4ms
video 1/1 (frame 157/1630) /scratch/network/db0197/LabelingProcess/Squash Data/elias_makin_london2025/rallies/rally6_v2.mp4: 384x640 3 persons, 12.5ms
video 1/1 (frame 158/1630) /scratch/network/db0197/LabelingProcess/Squash Data/elias_makin_london2025/rallies/rally6_v2.mp4: 384x640 3 persons, 12.5ms
video 1/1 (frame 159/1630) /scratch/network/db0197/LabelingProcess/Squash Data/elias_makin_london2025/rallies/rally6_v2.mp4: 384x640 4 persons, 12.5ms
video 1/1 (frame 160/1630) /scratch/network/db0197/LabelingProcess/Squash Data/elias_makin_london2025/rallies/rally6_v2.mp4: 384x640 4 persons, 12.4ms
video 1/1 (frame 161/1630) /scratch/network/db0197/LabelingProcess/Squash Data/elias_makin_london2025/rallies/rally6_v2.mp4: 384x640 4 persons, 12.4ms
video 1/1 (frame 162/1630) /scratch/network/db0197/LabelingProcess/Squash Data/elias_makin_london2025/rallies/rally6_v2.mp4: 384x640 4 persons, 12.4ms
video 1/1 (frame 163/1630) /scratch/network/db0197/LabelingProcess/Squash Data/elias_makin_london2025/rallies/rally6_v2.mp4: 384x640 4 persons, 12.5ms
video 1/1 (frame 164/1630) /scratch/network/db0197/LabelingProcess/Squash Data/elias_makin_london2025/rallies/rally6_v2.mp4: 384x640 4 persons, 12.4ms
video 1/1 (frame 165/1630) /scratch/network/db0197/LabelingProcess/Squash Data/elias_makin_london2025/rallies/rally6_v2.mp4: 384x640 4 persons, 12.4ms
video 1/1 (frame 166/1630) /scratch/network/db0197/LabelingProcess/Squash Data/elias_makin_london2025/rallies/rally6_v2.mp4: 384x640 4 persons, 12.4ms
video 1/1 (frame 167/1630) /scratch/network/db0197/LabelingProcess/Squash Data/elias_makin_london2025/rallies/rally6_v2.mp4: 384x640 5 persons, 12.4ms
video 1/1 (frame 168/1630) /scratch/network/db0197/LabelingProcess/Squash Data/elias_makin_london2025/rallies/rally6_v2.mp4: 384x640 5 persons, 12.6ms
video 1/1 (frame 169/1630) /scratch/network/db0197/LabelingProcess/Squash Data/elias_makin_london2025/rallies/rally6_v2.mp4: 384x640 5 persons, 12.4ms
video 1/1 (frame 170/1630) /scratch/network/db0197/LabelingProcess/Squash Data/elias_makin_london2025/rallies/rally6_v2.mp4: 384x640 5 persons, 12.4ms
video 1/1 (frame 171/1630) /scratch/network/db0197/LabelingProcess/Squash Data/elias_makin_london2025/rallies/rally6_v2.mp4: 384x640 5 persons, 12.4ms
video 1/1 (frame 172/1630) /scratch/network/db0197/LabelingProcess/Squash Data/elias_makin_london2025/rallies/rally6_v2.mp4: 384x640 4 persons, 12.4ms
video 1/1 (frame 173/1630) /scratch/network/db0197/LabelingProcess/Squash Data/elias_makin_london2025/rallies/rally6_v2.mp4: 384x640 3 persons, 12.5ms
video 1/1 (frame 174/1630) /scratch/network/db0197/LabelingProcess/Squash Data/elias_makin_london2025/rallies/rally6_v2.mp4: 384x640 3 persons, 12.4ms
video 1/1 (frame 175/1630) /scratch/network/db0197/LabelingProcess/Squash Data/elias_makin_london2025/rallies/rally6_v2.mp4: 384x640 3 persons, 12.4ms
video 1/1 (frame 176/1630) /scratch/network/db0197/LabelingProcess/Squash Data/elias_makin_london2025/rallies/rally6_v2.mp4: 384x640 3 persons, 12.4ms
video 1/1 (frame 177/1630) /scratch/network/db0197/LabelingProcess/Squash Data/elias_makin_london2025/rallies/rally6_v2.mp4: 384x640 4 persons, 12.4ms
video 1/1 (frame 178/1630) /scratch/network/db0197/LabelingProcess/Squash Data/elias_makin_london2025/rallies/rally6_v2.mp4: 384x640 3 persons, 12.4ms
video 1/1 (frame 179/1630) /scratch/network/db0197/LabelingProcess/Squash Data/elias_makin_london2025/rallies/rally6_v2.mp4: 384x640 3 persons, 12.4ms
video 1/1 (frame 180/1630) /scratch/network/db0197/LabelingProcess/Squash Data/elias_makin_london2025/rallies/rally6_v2.mp4: 384x640 3 persons, 12.4ms
video 1/1 (frame 181/1630) /scratch/network/db0197/LabelingProcess/Squash Data/elias_makin_london2025/rallies/rally6_v2.mp4: 384x640 3 persons, 12.3ms
video 1/1 (frame 182/1630) /scratch/network/db0197/LabelingProcess/Squash Data/elias_makin_london2025/rallies/rally6_v2.mp4: 384x640 3 persons, 12.4ms
video 1/1 (frame 183/1630) /scratch/network/db0197/LabelingProcess/Squash Data/elias_makin_london2025/rallies/rally6_v2.mp4: 384x640 3 persons, 12.4ms
video 1/1 (frame 184/1630) /scratch/network/db0197/LabelingProcess/Squash Data/elias_makin_london2025/rallies/rally6_v2.mp4: 384x640 3 persons, 12.5ms
video 1/1 (frame 185/1630) /scratch/network/db0197/LabelingProcess/Squash Data/elias_makin_london2025/rallies/rally6_v2.mp4: 384x640 3 persons, 12.4ms
video 1/1 (frame 186/1630) /scratch/network/db0197/LabelingProcess/Squash Data/elias_makin_london2025/rallies/rally6_v2.mp4: 384x640 3 persons, 12.4ms
video 1/1 (frame 187/1630) /scratch/network/db0197/LabelingProcess/Squash Data/elias_makin_london2025/rallies/rally6_v2.mp4: 384x640 3 persons, 12.4ms
video 1/1 (frame 188/1630) /scratch/network/db0197/LabelingProcess/Squash Data/elias_makin_london2025/rallies/rally6_v2.mp4: 384x640 4 persons, 12.4ms
video 1/1 (frame 189/1630) /scratch/network/db0197/LabelingProcess/Squash Data/elias_makin_london2025/rallies/rally6_v2.mp4: 384x640 3 persons, 12.4ms
video 1/1 (frame 190/1630) /scratch/network/db0197/LabelingProcess/Squash Data/elias_makin_london2025/rallies/rally6_v2.mp4: 384x640 3 persons, 12.5ms
video 1/1 (frame 191/1630) /scratch/network/db0197/LabelingProcess/Squash Data/elias_makin_london2025/rallies/rally6_v2.mp4: 384x640 3 persons, 12.5ms
video 1/1 (frame 192/1630) /scratch/network/db0197/LabelingProcess/Squash Data/elias_makin_london2025/rallies/rally6_v2.mp4: 384x640 3 persons, 12.5ms
video 1/1 (frame 193/1630) /scratch/network/db0197/LabelingProcess/Squash Data/elias_makin_london2025/rallies/rally6_v2.mp4: 384x640 3 persons, 12.4ms
video 1/1 (frame 194/1630) /scratch/network/db0197/LabelingProcess/Squash Data/elias_makin_london2025/rallies/rally6_v2.mp4: 384x640 3 persons, 12.4ms
video 1/1 (frame 195/1630) /scratch/network/db0197/LabelingProcess/Squash Data/elias_makin_london2025/rallies/rally6_v2.mp4: 384x640 3 persons, 12.4ms
video 1/1 (frame 196/1630) /scratch/network/db0197/LabelingProcess/Squash Data/elias_makin_london2025/rallies/rally6_v2.mp4: 384x640 3 persons, 12.4ms
video 1/1 (frame 197/1630) /scratch/network/db0197/LabelingProcess/Squash Data/elias_makin_london2025/rallies/rally6_v2.mp4: 384x640 4 persons, 12.4ms
video 1/1 (frame 198/1630) /scratch/network/db0197/LabelingProcess/Squash Data/elias_makin_london2025/rallies/rally6_v2.mp4: 384x640 4 persons, 12.4ms
video 1/1 (frame 199/1630) /scratch/network/db0197/LabelingProcess/Squash Data/elias_makin_london2025/rallies/rally6_v2.mp4: 384x640 4 persons, 12.3ms
video 1/1 (frame 200/1630) /scratch/network/db0197/LabelingProcess/Squash Data/elias_makin_london2025/rallies/rally6_v2.mp4: 384x640 4 persons, 12.4ms
video 1/1 (frame 201/1630) /scratch/network/db0197/LabelingProcess/Squash Data/elias_makin_london2025/rallies/rally6_v2.mp4: 384x640 5 persons, 12.4ms
video 1/1 (frame 202/1630) /scratch/network/db0197/LabelingProcess/Squash Data/elias_makin_london2025/rallies/rally6_v2.mp4: 384x640 5 persons, 12.4ms
video 1/1 (frame 203/1630) /scratch/network/db0197/LabelingProcess/Squash Data/elias_makin_london2025/rallies/rally6_v2.mp4: 384x640 6 persons, 12.5ms
video 1/1 (frame 204/1630) /scratch/network/db0197/LabelingProcess/Squash Data/elias_makin_london2025/rallies/rally6_v2.mp4: 384x640 6 persons, 12.4ms
video 1/1 (frame 205/1630) /scratch/network/db0197/LabelingProcess/Squash Data/elias_makin_london2025/rallies/rally6_v2.mp4: 384x640 5 persons, 12.4ms
video 1/1 (frame 206/1630) /scratch/network/db0197/LabelingProcess/Squash Data/elias_makin_london2025/rallies/rally6_v2.mp4: 384x640 4 persons, 12.4ms
video 1/1 (frame 207/1630) /scratch/network/db0197/LabelingProcess/Squash Data/elias_makin_london2025/rallies/rally6_v2.mp4: 384x640 5 persons, 12.4ms
video 1/1 (frame 208/1630) /scratch/network/db0197/LabelingProcess/Squash Data/elias_makin_london2025/rallies/rally6_v2.mp4: 384x640 4 persons, 12.4ms
video 1/1 (frame 209/1630) /scratch/network/db0197/LabelingProcess/Squash Data/elias_makin_london2025/rallies/rally6_v2.mp4: 384x640 4 persons, 12.4ms
video 1/1 (frame 210/1630) /scratch/network/db0197/LabelingProcess/Squash Data/elias_makin_london2025/rallies/rally6_v2.mp4: 384x640 4 persons, 12.4ms
video 1/1 (frame 211/1630) /scratch/network/db0197/LabelingProcess/Squash Data/elias_makin_london2025/rallies/rally6_v2.mp4: 384x640 5 persons, 12.4ms
video 1/1 (frame 212/1630) /scratch/network/db0197/LabelingProcess/Squash Data/elias_makin_london2025/rallies/rally6_v2.mp4: 384x640 5 persons, 12.4ms
video 1/1 (frame 213/1630) /scratch/network/db0197/LabelingProcess/Squash Data/elias_makin_london2025/rallies/rally6_v2.mp4: 384x640 4 persons, 12.4ms
video 1/1 (frame 214/1630) /scratch/network/db0197/LabelingProcess/Squash Data/elias_makin_london2025/rallies/rally6_v2.mp4: 384x640 4 persons, 12.4ms
video 1/1 (frame 215/1630) /scratch/network/db0197/LabelingProcess/Squash Data/elias_makin_london2025/rallies/rally6_v2.mp4: 384x640 5 persons, 12.4ms
video 1/1 (frame 216/1630) /scratch/network/db0197/LabelingProcess/Squash Data/elias_makin_london2025/rallies/rally6_v2.mp4: 384x640 4 persons, 12.4ms
video 1/1 (frame 217/1630) /scratch/network/db0197/LabelingProcess/Squash Data/elias_makin_london2025/rallies/rally6_v2.mp4: 384x640 5 persons, 12.4ms
video 1/1 (frame 218/1630) /scratch/network/db0197/LabelingProcess/Squash Data/elias_makin_london2025/rallies/rally6_v2.mp4: 384x640 5 persons, 12.4ms
video 1/1 (frame 219/1630) /scratch/network/db0197/LabelingProcess/Squash Data/elias_makin_london2025/rallies/rally6_v2.mp4: 384x640 5 persons, 12.3ms
video 1/1 (frame 220/1630) /scratch/network/db0197/LabelingProcess/Squash Data/elias_makin_london2025/rallies/rally6_v2.mp4: 384x640 5 persons, 12.4ms
video 1/1 (frame 221/1630) /scratch/network/db0197/LabelingProcess/Squash Data/elias_makin_london2025/rallies/rally6_v2.mp4: 384x640 5 persons, 12.4ms
video 1/1 (frame 222/1630) /scratch/network/db0197/LabelingProcess/Squash Data/elias_makin_london2025/rallies/rally6_v2.mp4: 384x640 5 persons, 12.5ms
video 1/1 (frame 223/1630) /scratch/network/db0197/LabelingProcess/Squash Data/elias_makin_london2025/rallies/rally6_v2.mp4: 384x640 5 persons, 12.4ms
video 1/1 (frame 224/1630) /scratch/network/db0197/LabelingProcess/Squash Data/elias_makin_london2025/rallies/rally6_v2.mp4: 384x640 6 persons, 12.4ms
video 1/1 (frame 225/1630) /scratch/network/db0197/LabelingProcess/Squash Data/elias_makin_london2025/rallies/rally6_v2.mp4: 384x640 5 persons, 12.5ms
video 1/1 (frame 226/1630) /scratch/network/db0197/LabelingProcess/Squash Data/elias_makin_london2025/rallies/rally6_v2.mp4: 384x640 4 persons, 12.5ms
video 1/1 (frame 227/1630) /scratch/network/db0197/LabelingProcess/Squash Data/elias_makin_london2025/rallies/rally6_v2.mp4: 384x640 5 persons, 12.5ms
video 1/1 (frame 228/1630) /scratch/network/db0197/LabelingProcess/Squash Data/elias_makin_london2025/rallies/rally6_v2.mp4: 384x640 5 persons, 12.4ms
video 1/1 (frame 229/1630) /scratch/network/db0197/LabelingProcess/Squash Data/elias_makin_london2025/rallies/rally6_v2.mp4: 384x640 4 persons, 12.4ms
video 1/1 (frame 230/1630) /scratch/network/db0197/LabelingProcess/Squash Data/elias_makin_london2025/rallies/rally6_v2.mp4: 384x640 3 persons, 12.4ms
video 1/1 (frame 231/1630) /scratch/network/db0197/LabelingProcess/Squash Data/elias_makin_london2025/rallies/rally6_v2.mp4: 384x640 3 persons, 12.4ms
video 1/1 (frame 232/1630) /scratch/network/db0197/LabelingProcess/Squash Data/elias_makin_london2025/rallies/rally6_v2.mp4: 384x640 3 persons, 12.5ms
video 1/1 (frame 233/1630) /scratch/network/db0197/LabelingProcess/Squash Data/elias_makin_london2025/rallies/rally6_v2.mp4: 384x640 3 persons, 12.4ms
video 1/1 (frame 234/1630) /scratch/network/db0197/LabelingProcess/Squash Data/elias_makin_london2025/rallies/rally6_v2.mp4: 384x640 4 persons, 12.5ms
video 1/1 (frame 235/1630) /scratch/network/db0197/LabelingProcess/Squash Data/elias_makin_london2025/rallies/rally6_v2.mp4: 384x640 3 persons, 12.4ms
video 1/1 (frame 236/1630) /scratch/network/db0197/LabelingProcess/Squash Data/elias_makin_london2025/rallies/rally6_v2.mp4: 384x640 2 persons, 12.4ms
video 1/1 (frame 237/1630) /scratch/network/db0197/LabelingProcess/Squash Data/elias_makin_london2025/rallies/rally6_v2.mp4: 384x640 3 persons, 12.4ms
video 1/1 (frame 238/1630) /scratch/network/db0197/LabelingProcess/Squash Data/elias_makin_london2025/rallies/rally6_v2.mp4: 384x640 3 persons, 12.4ms
video 1/1 (frame 239/1630) /scratch/network/db0197/LabelingProcess/Squash Data/elias_makin_london2025/rallies/rally6_v2.mp4: 384x640 4 persons, 12.4ms
video 1/1 (frame 240/1630) /scratch/network/db0197/LabelingProcess/Squash Data/elias_makin_london2025/rallies/rally6_v2.mp4: 384x640 4 persons, 12.4ms
video 1/1 (frame 241/1630) /scratch/network/db0197/LabelingProcess/Squash Data/elias_makin_london2025/rallies/rally6_v2.mp4: 384x640 3 persons, 12.4ms
video 1/1 (frame 242/1630) /scratch/network/db0197/LabelingProcess/Squash Data/elias_makin_london2025/rallies/rally6_v2.mp4: 384x640 3 persons, 12.4ms
video 1/1 (frame 243/1630) /scratch/network/db0197/LabelingProcess/Squash Data/elias_makin_london2025/rallies/rally6_v2.mp4: 384x640 3 persons, 12.4ms
video 1/1 (frame 244/1630) /scratch/network/db0197/LabelingProcess/Squash Data/elias_makin_london2025/rallies/rally6_v2.mp4: 384x640 3 persons, 12.4ms
video 1/1 (frame 245/1630) /scratch/network/db0197/LabelingProcess/Squash Data/elias_makin_london2025/rallies/rally6_v2.mp4: 384x640 4 persons, 12.4ms
video 1/1 (frame 246/1630) /scratch/network/db0197/LabelingProcess/Squash Data/elias_makin_london2025/rallies/rally6_v2.mp4: 384x640 3 persons, 12.5ms
video 1/1 (frame 247/1630) /scratch/network/db0197/LabelingProcess/Squash Data/elias_makin_london2025/rallies/rally6_v2.mp4: 384x640 3 persons, 12.5ms
video 1/1 (frame 248/1630) /scratch/network/db0197/LabelingProcess/Squash Data/elias_makin_london2025/rallies/rally6_v2.mp4: 384x640 3 persons, 12.5ms
video 1/1 (frame 249/1630) /scratch/network/db0197/LabelingProcess/Squash Data/elias_makin_london2025/rallies/rally6_v2.mp4: 384x640 3 persons, 12.5ms
video 1/1 (frame 250/1630) /scratch/network/db0197/LabelingProcess/Squash Data/elias_makin_london2025/rallies/rally6_v2.mp4: 384x640 3 persons, 12.5ms
video 1/1 (frame 251/1630) /scratch/network/db0197/LabelingProcess/Squash Data/elias_makin_london2025/rallies/rally6_v2.mp4: 384x640 4 persons, 12.4ms
video 1/1 (frame 252/1630) /scratch/network/db0197/LabelingProcess/Squash Data/elias_makin_london2025/rallies/rally6_v2.mp4: 384x640 3 persons, 12.5ms
video 1/1 (frame 253/1630) /scratch/network/db0197/LabelingProcess/Squash Data/elias_makin_london2025/rallies/rally6_v2.mp4: 384x640 3 persons, 12.5ms
video 1/1 (frame 254/1630) /scratch/network/db0197/LabelingProcess/Squash Data/elias_makin_london2025/rallies/rally6_v2.mp4: 384x640 3 persons, 12.5ms
video 1/1 (frame 255/1630) /scratch/network/db0197/LabelingProcess/Squash Data/elias_makin_london2025/rallies/rally6_v2.mp4: 384x640 4 persons, 12.6ms
video 1/1 (frame 256/1630) /scratch/network/db0197/LabelingProcess/Squash Data/elias_makin_london2025/rallies/rally6_v2.mp4: 384x640 3 persons, 12.5ms
video 1/1 (frame 257/1630) /scratch/network/db0197/LabelingProcess/Squash Data/elias_makin_london2025/rallies/rally6_v2.mp4: 384x640 3 persons, 12.4ms
video 1/1 (frame 258/1630) /scratch/network/db0197/LabelingProcess/Squash Data/elias_makin_london2025/rallies/rally6_v2.mp4: 384x640 4 persons, 12.5ms
video 1/1 (frame 259/1630) /scratch/network/db0197/LabelingProcess/Squash Data/elias_makin_london2025/rallies/rally6_v2.mp4: 384x640 3 persons, 12.9ms
video 1/1 (frame 260/1630) /scratch/network/db0197/LabelingProcess/Squash Data/elias_makin_london2025/rallies/rally6_v2.mp4: 384x640 3 persons, 12.5ms
video 1/1 (frame 261/1630) /scratch/network/db0197/LabelingProcess/Squash Data/elias_makin_london2025/rallies/rally6_v2.mp4: 384x640 3 persons, 12.5ms
video 1/1 (frame 262/1630) /scratch/network/db0197/LabelingProcess/Squash Data/elias_makin_london2025/rallies/rally6_v2.mp4: 384x640 3 persons, 12.5ms
video 1/1 (frame 263/1630) /scratch/network/db0197/LabelingProcess/Squash Data/elias_makin_london2025/rallies/rally6_v2.mp4: 384x640 3 persons, 12.5ms
video 1/1 (frame 264/1630) /scratch/network/db0197/LabelingProcess/Squash Data/elias_makin_london2025/rallies/rally6_v2.mp4: 384x640 3 persons, 12.4ms
video 1/1 (frame 265/1630) /scratch/network/db0197/LabelingProcess/Squash Data/elias_makin_london2025/rallies/rally6_v2.mp4: 384x640 3 persons, 12.4ms
video 1/1 (frame 266/1630) /scratch/network/db0197/LabelingProcess/Squash Data/elias_makin_london2025/rallies/rally6_v2.mp4: 384x640 3 persons, 12.5ms
video 1/1 (frame 267/1630) /scratch/network/db0197/LabelingProcess/Squash Data/elias_makin_london2025/rallies/rally6_v2.mp4: 384x640 3 persons, 12.4ms
video 1/1 (frame 268/1630) /scratch/network/db0197/LabelingProcess/Squash Data/elias_makin_london2025/rallies/rally6_v2.mp4: 384x640 3 persons, 12.4ms
video 1/1 (frame 269/1630) /scratch/network/db0197/LabelingProcess/Squash Data/elias_makin_london2025/rallies/rally6_v2.mp4: 384x640 3 persons, 12.4ms
video 1/1 (frame 270/1630) /scratch/network/db0197/LabelingProcess/Squash Data/elias_makin_london2025/rallies/rally6_v2.mp4: 384x640 3 persons, 12.5ms
video 1/1 (frame 271/1630) /scratch/network/db0197/LabelingProcess/Squash Data/elias_makin_london2025/rallies/rally6_v2.mp4: 384x640 3 persons, 12.4ms
video 1/1 (frame 272/1630) /scratch/network/db0197/LabelingProcess/Squash Data/elias_makin_london2025/rallies/rally6_v2.mp4: 384x640 3 persons, 12.4ms
video 1/1 (frame 273/1630) /scratch/network/db0197/LabelingProcess/Squash Data/elias_makin_london2025/rallies/rally6_v2.mp4: 384x640 3 persons, 12.5ms
video 1/1 (frame 274/1630) /scratch/network/db0197/LabelingProcess/Squash Data/elias_makin_london2025/rallies/rally6_v2.mp4: 384x640 3 persons, 12.5ms
video 1/1 (frame 275/1630) /scratch/network/db0197/LabelingProcess/Squash Data/elias_makin_london2025/rallies/rally6_v2.mp4: 384x640 3 persons, 12.4ms
video 1/1 (frame 276/1630) /scratch/network/db0197/LabelingProcess/Squash Data/elias_makin_london2025/rallies/rally6_v2.mp4: 384x640 3 persons, 12.5ms
video 1/1 (frame 277/1630) /scratch/network/db0197/LabelingProcess/Squash Data/elias_makin_london2025/rallies/rally6_v2.mp4: 384x640 3 persons, 12.4ms
video 1/1 (frame 278/1630) /scratch/network/db0197/LabelingProcess/Squash Data/elias_makin_london2025/rallies/rally6_v2.mp4: 384x640 3 persons, 12.5ms
video 1/1 (frame 279/1630) /scratch/network/db0197/LabelingProcess/Squash Data/elias_makin_london2025/rallies/rally6_v2.mp4: 384x640 3 persons, 12.4ms
video 1/1 (frame 280/1630) /scratch/network/db0197/LabelingProcess/Squash Data/elias_makin_london2025/rallies/rally6_v2.mp4: 384x640 3 persons, 12.4ms
video 1/1 (frame 281/1630) /scratch/network/db0197/LabelingProcess/Squash Data/elias_makin_london2025/rallies/rally6_v2.mp4: 384x640 3 persons, 12.4ms
video 1/1 (frame 282/1630) /scratch/network/db0197/LabelingProcess/Squash Data/elias_makin_london2025/rallies/rally6_v2.mp4: 384x640 2 persons, 12.5ms
video 1/1 (frame 283/1630) /scratch/network/db0197/LabelingProcess/Squash Data/elias_makin_london2025/rallies/rally6_v2.mp4: 384x640 2 persons, 12.4ms
video 1/1 (frame 284/1630) /scratch/network/db0197/LabelingProcess/Squash Data/elias_makin_london2025/rallies/rally6_v2.mp4: 384x640 3 persons, 12.4ms
video 1/1 (frame 285/1630) /scratch/network/db0197/LabelingProcess/Squash Data/elias_makin_london2025/rallies/rally6_v2.mp4: 384x640 3 persons, 12.5ms
video 1/1 (frame 286/1630) /scratch/network/db0197/LabelingProcess/Squash Data/elias_makin_london2025/rallies/rally6_v2.mp4: 384x640 3 persons, 12.5ms
video 1/1 (frame 287/1630) /scratch/network/db0197/LabelingProcess/Squash Data/elias_makin_london2025/rallies/rally6_v2.mp4: 384x640 3 persons, 12.5ms
video 1/1 (frame 288/1630) /scratch/network/db0197/LabelingProcess/Squash Data/elias_makin_london2025/rallies/rally6_v2.mp4: 384x640 3 persons, 12.4ms
video 1/1 (frame 289/1630) /scratch/network/db0197/LabelingProcess/Squash Data/elias_makin_london2025/rallies/rally6_v2.mp4: 384x640 3 persons, 12.4ms
video 1/1 (frame 290/1630) /scratch/network/db0197/LabelingProcess/Squash Data/elias_makin_london2025/rallies/rally6_v2.mp4: 384x640 4 persons, 12.5ms
video 1/1 (frame 291/1630) /scratch/network/db0197/LabelingProcess/Squash Data/elias_makin_london2025/rallies/rally6_v2.mp4: 384x640 5 persons, 12.5ms
video 1/1 (frame 292/1630) /scratch/network/db0197/LabelingProcess/Squash Data/elias_makin_london2025/rallies/rally6_v2.mp4: 384x640 5 persons, 12.4ms
video 1/1 (frame 293/1630) /scratch/network/db0197/LabelingProcess/Squash Data/elias_makin_london2025/rallies/rally6_v2.mp4: 384x640 5 persons, 12.4ms
video 1/1 (frame 294/1630) /scratch/network/db0197/LabelingProcess/Squash Data/elias_makin_london2025/rallies/rally6_v2.mp4: 384x640 4 persons, 12.4ms
video 1/1 (frame 295/1630) /scratch/network/db0197/LabelingProcess/Squash Data/elias_makin_london2025/rallies/rally6_v2.mp4: 384x640 5 persons, 12.4ms
video 1/1 (frame 296/1630) /scratch/network/db0197/LabelingProcess/Squash Data/elias_makin_london2025/rallies/rally6_v2.mp4: 384x640 5 persons, 12.4ms
video 1/1 (frame 297/1630) /scratch/network/db0197/LabelingProcess/Squash Data/elias_makin_london2025/rallies/rally6_v2.mp4: 384x640 5 persons, 12.4ms
video 1/1 (frame 298/1630) /scratch/network/db0197/LabelingProcess/Squash Data/elias_makin_london2025/rallies/rally6_v2.mp4: 384x640 5 persons, 12.4ms
video 1/1 (frame 299/1630) /scratch/network/db0197/LabelingProcess/Squash Data/elias_makin_london2025/rallies/rally6_v2.mp4: 384x640 5 persons, 12.4ms
video 1/1 (frame 300/1630) /scratch/network/db0197/LabelingProcess/Squash Data/elias_makin_london2025/rallies/rally6_v2.mp4: 384x640 3 persons, 12.4ms
video 1/1 (frame 301/1630) /scratch/network/db0197/LabelingProcess/Squash Data/elias_makin_london2025/rallies/rally6_v2.mp4: 384x640 5 persons, 12.4ms
video 1/1 (frame 302/1630) /scratch/network/db0197/LabelingProcess/Squash Data/elias_makin_london2025/rallies/rally6_v2.mp4: 384x640 3 persons, 12.4ms
video 1/1 (frame 303/1630) /scratch/network/db0197/LabelingProcess/Squash Data/elias_makin_london2025/rallies/rally6_v2.mp4: 384x640 3 persons, 12.5ms
video 1/1 (frame 304/1630) /scratch/network/db0197/LabelingProcess/Squash Data/elias_makin_london2025/rallies/rally6_v2.mp4: 384x640 3 persons, 12.4ms
video 1/1 (frame 305/1630) /scratch/network/db0197/LabelingProcess/Squash Data/elias_makin_london2025/rallies/rally6_v2.mp4: 384x640 3 persons, 12.4ms
video 1/1 (frame 306/1630) /scratch/network/db0197/LabelingProcess/Squash Data/elias_makin_london2025/rallies/rally6_v2.mp4: 384x640 3 persons, 12.4ms
video 1/1 (frame 307/1630) /scratch/network/db0197/LabelingProcess/Squash Data/elias_makin_london2025/rallies/rally6_v2.mp4: 384x640 3 persons, 12.5ms
video 1/1 (frame 308/1630) /scratch/network/db0197/LabelingProcess/Squash Data/elias_makin_london2025/rallies/rally6_v2.mp4: 384x640 3 persons, 12.4ms
video 1/1 (frame 309/1630) /scratch/network/db0197/LabelingProcess/Squash Data/elias_makin_london2025/rallies/rally6_v2.mp4: 384x640 3 persons, 12.4ms
video 1/1 (frame 310/1630) /scratch/network/db0197/LabelingProcess/Squash Data/elias_makin_london2025/rallies/rally6_v2.mp4: 384x640 3 persons, 12.4ms
video 1/1 (frame 311/1630) /scratch/network/db0197/LabelingProcess/Squash Data/elias_makin_london2025/rallies/rally6_v2.mp4: 384x640 5 persons, 12.4ms
video 1/1 (frame 312/1630) /scratch/network/db0197/LabelingProcess/Squash Data/elias_makin_london2025/rallies/rally6_v2.mp4: 384x640 4 persons, 12.4ms
video 1/1 (frame 313/1630) /scratch/network/db0197/LabelingProcess/Squash Data/elias_makin_london2025/rallies/rally6_v2.mp4: 384x640 3 persons, 12.4ms
video 1/1 (frame 314/1630) /scratch/network/db0197/LabelingProcess/Squash Data/elias_makin_london2025/rallies/rally6_v2.mp4: 384x640 3 persons, 12.5ms
video 1/1 (frame 315/1630) /scratch/network/db0197/LabelingProcess/Squash Data/elias_makin_london2025/rallies/rally6_v2.mp4: 384x640 4 persons, 12.4ms
video 1/1 (frame 316/1630) /scratch/network/db0197/LabelingProcess/Squash Data/elias_makin_london2025/rallies/rally6_v2.mp4: 384x640 5 persons, 12.4ms
video 1/1 (frame 317/1630) /scratch/network/db0197/LabelingProcess/Squash Data/elias_makin_london2025/rallies/rally6_v2.mp4: 384x640 4 persons, 12.5ms
video 1/1 (frame 318/1630) /scratch/network/db0197/LabelingProcess/Squash Data/elias_makin_london2025/rallies/rally6_v2.mp4: 384x640 4 persons, 12.4ms
video 1/1 (frame 319/1630) /scratch/network/db0197/LabelingProcess/Squash Data/elias_makin_london2025/rallies/rally6_v2.mp4: 384x640 4 persons, 12.4ms
video 1/1 (frame 320/1630) /scratch/network/db0197/LabelingProcess/Squash Data/elias_makin_london2025/rallies/rally6_v2.mp4: 384x640 5 persons, 12.4ms
video 1/1 (frame 321/1630) /scratch/network/db0197/LabelingProcess/Squash Data/elias_makin_london2025/rallies/rally6_v2.mp4: 384x640 4 persons, 12.5ms
video 1/1 (frame 322/1630) /scratch/network/db0197/LabelingProcess/Squash Data/elias_makin_london2025/rallies/rally6_v2.mp4: 384x640 4 persons, 12.5ms
video 1/1 (frame 323/1630) /scratch/network/db0197/LabelingProcess/Squash Data/elias_makin_london2025/rallies/rally6_v2.mp4: 384x640 3 persons, 12.4ms
video 1/1 (frame 324/1630) /scratch/network/db0197/LabelingProcess/Squash Data/elias_makin_london2025/rallies/rally6_v2.mp4: 384x640 3 persons, 12.4ms
video 1/1 (frame 325/1630) /scratch/network/db0197/LabelingProcess/Squash Data/elias_makin_london2025/rallies/rally6_v2.mp4: 384x640 3 persons, 12.5ms
video 1/1 (frame 326/1630) /scratch/network/db0197/LabelingProcess/Squash Data/elias_makin_london2025/rallies/rally6_v2.mp4: 384x640 3 persons, 12.4ms
video 1/1 (frame 327/1630) /scratch/network/db0197/LabelingProcess/Squash Data/elias_makin_london2025/rallies/rally6_v2.mp4: 384x640 3 persons, 12.4ms
video 1/1 (frame 328/1630) /scratch/network/db0197/LabelingProcess/Squash Data/elias_makin_london2025/rallies/rally6_v2.mp4: 384x640 3 persons, 12.5ms
video 1/1 (frame 329/1630) /scratch/network/db0197/LabelingProcess/Squash Data/elias_makin_london2025/rallies/rally6_v2.mp4: 384x640 3 persons, 12.4ms
video 1/1 (frame 330/1630) /scratch/network/db0197/LabelingProcess/Squash Data/elias_makin_london2025/rallies/rally6_v2.mp4: 384x640 3 persons, 12.4ms
video 1/1 (frame 331/1630) /scratch/network/db0197/LabelingProcess/Squash Data/elias_makin_london2025/rallies/rally6_v2.mp4: 384x640 3 persons, 12.5ms
video 1/1 (frame 332/1630) /scratch/network/db0197/LabelingProcess/Squash Data/elias_makin_london2025/rallies/rally6_v2.mp4: 384x640 3 persons, 12.5ms
video 1/1 (frame 333/1630) /scratch/network/db0197/LabelingProcess/Squash Data/elias_makin_london2025/rallies/rally6_v2.mp4: 384x640 3 persons, 12.5ms
video 1/1 (frame 334/1630) /scratch/network/db0197/LabelingProcess/Squash Data/elias_makin_london2025/rallies/rally6_v2.mp4: 384x640 3 persons, 12.4ms
video 1/1 (frame 335/1630) /scratch/network/db0197/LabelingProcess/Squash Data/elias_makin_london2025/rallies/rally6_v2.mp4: 384x640 3 persons, 12.4ms
video 1/1 (frame 336/1630) /scratch/network/db0197/LabelingProcess/Squash Data/elias_makin_london2025/rallies/rally6_v2.mp4: 384x640 3 persons, 12.4ms
video 1/1 (frame 337/1630) /scratch/network/db0197/LabelingProcess/Squash Data/elias_makin_london2025/rallies/rally6_v2.mp4: 384x640 3 persons, 12.4ms
video 1/1 (frame 338/1630) /scratch/network/db0197/LabelingProcess/Squash Data/elias_makin_london2025/rallies/rally6_v2.mp4: 384x640 3 persons, 12.5ms
video 1/1 (frame 339/1630) /scratch/network/db0197/LabelingProcess/Squash Data/elias_makin_london2025/rallies/rally6_v2.mp4: 384x640 4 persons, 12.4ms
video 1/1 (frame 340/1630) /scratch/network/db0197/LabelingProcess/Squash Data/elias_makin_london2025/rallies/rally6_v2.mp4: 384x640 4 persons, 12.4ms
video 1/1 (frame 341/1630) /scratch/network/db0197/LabelingProcess/Squash Data/elias_makin_london2025/rallies/rally6_v2.mp4: 384x640 4 persons, 12.4ms
video 1/1 (frame 342/1630) /scratch/network/db0197/LabelingProcess/Squash Data/elias_makin_london2025/rallies/rally6_v2.mp4: 384x640 3 persons, 12.5ms
video 1/1 (frame 343/1630) /scratch/network/db0197/LabelingProcess/Squash Data/elias_makin_london2025/rallies/rally6_v2.mp4: 384x640 3 persons, 12.5ms
video 1/1 (frame 344/1630) /scratch/network/db0197/LabelingProcess/Squash Data/elias_makin_london2025/rallies/rally6_v2.mp4: 384x640 3 persons, 12.4ms
video 1/1 (frame 345/1630) /scratch/network/db0197/LabelingProcess/Squash Data/elias_makin_london2025/rallies/rally6_v2.mp4: 384x640 3 persons, 12.4ms
video 1/1 (frame 346/1630) /scratch/network/db0197/LabelingProcess/Squash Data/elias_makin_london2025/rallies/rally6_v2.mp4: 384x640 3 persons, 12.5ms
video 1/1 (frame 347/1630) /scratch/network/db0197/LabelingProcess/Squash Data/elias_makin_london2025/rallies/rally6_v2.mp4: 384x640 3 persons, 12.4ms
video 1/1 (frame 348/1630) /scratch/network/db0197/LabelingProcess/Squash Data/elias_makin_london2025/rallies/rally6_v2.mp4: 384x640 3 persons, 12.4ms
video 1/1 (frame 349/1630) /scratch/network/db0197/LabelingProcess/Squash Data/elias_makin_london2025/rallies/rally6_v2.mp4: 384x640 3 persons, 12.4ms
video 1/1 (frame 350/1630) /scratch/network/db0197/LabelingProcess/Squash Data/elias_makin_london2025/rallies/rally6_v2.mp4: 384x640 3 persons, 12.4ms
video 1/1 (frame 351/1630) /scratch/network/db0197/LabelingProcess/Squash Data/elias_makin_london2025/rallies/rally6_v2.mp4: 384x640 3 persons, 12.4ms
video 1/1 (frame 352/1630) /scratch/network/db0197/LabelingProcess/Squash Data/elias_makin_london2025/rallies/rally6_v2.mp4: 384x640 3 persons, 12.4ms
video 1/1 (frame 353/1630) /scratch/network/db0197/LabelingProcess/Squash Data/elias_makin_london2025/rallies/rally6_v2.mp4: 384x640 3 persons, 12.4ms
video 1/1 (frame 354/1630) /scratch/network/db0197/LabelingProcess/Squash Data/elias_makin_london2025/rallies/rally6_v2.mp4: 384x640 3 persons, 12.4ms
video 1/1 (frame 355/1630) /scratch/network/db0197/LabelingProcess/Squash Data/elias_makin_london2025/rallies/rally6_v2.mp4: 384x640 3 persons, 12.4ms
video 1/1 (frame 356/1630) /scratch/network/db0197/LabelingProcess/Squash Data/elias_makin_london2025/rallies/rally6_v2.mp4: 384x640 4 persons, 12.4ms
video 1/1 (frame 357/1630) /scratch/network/db0197/LabelingProcess/Squash Data/elias_makin_london2025/rallies/rally6_v2.mp4: 384x640 4 persons, 12.4ms
video 1/1 (frame 358/1630) /scratch/network/db0197/LabelingProcess/Squash Data/elias_makin_london2025/rallies/rally6_v2.mp4: 384x640 4 persons, 12.4ms
video 1/1 (frame 359/1630) /scratch/network/db0197/LabelingProcess/Squash Data/elias_makin_london2025/rallies/rally6_v2.mp4: 384x640 4 persons, 12.4ms
video 1/1 (frame 360/1630) /scratch/network/db0197/LabelingProcess/Squash Data/elias_makin_london2025/rallies/rally6_v2.mp4: 384x640 4 persons, 12.5ms
video 1/1 (frame 361/1630) /scratch/network/db0197/LabelingProcess/Squash Data/elias_makin_london2025/rallies/rally6_v2.mp4: 384x640 4 persons, 12.4ms
video 1/1 (frame 362/1630) /scratch/network/db0197/LabelingProcess/Squash Data/elias_makin_london2025/rallies/rally6_v2.mp4: 384x640 3 persons, 12.5ms
video 1/1 (frame 363/1630) /scratch/network/db0197/LabelingProcess/Squash Data/elias_makin_london2025/rallies/rally6_v2.mp4: 384x640 3 persons, 12.6ms
video 1/1 (frame 364/1630) /scratch/network/db0197/LabelingProcess/Squash Data/elias_makin_london2025/rallies/rally6_v2.mp4: 384x640 4 persons, 12.5ms
video 1/1 (frame 365/1630) /scratch/network/db0197/LabelingProcess/Squash Data/elias_makin_london2025/rallies/rally6_v2.mp4: 384x640 4 persons, 12.5ms
